<?xml version="1.0" encoding="UTF-8"?>
<testsuite name="spec matchers" skipped="0" failures="0" errors="0" tests="2" assertions="3" time="0.00012267599231563509">
  <testcase name="test_0001_must_match the return" classname="spec matchers" assertions="2" time="7.186000584624708e-05">
  </testcase>
  <testcase name="test_0002_must_output matches output to STDOUT or STDERR using lambda" classname="spec matchers" assertions="1" time="5.081598646938801e-05">
  </testcase>
</testsuite>
